<?xml version="1.0" encoding="UTF-8"?>
<!-- Generated by org.testng.reporters.JUnitReportReporter -->
<testsuite hostname="DESKTOP-1OVQHJC" failures="0" tests="1" name="com.Pizzahut.testCases.TC_OrderplaceTest_002" time="30.659" errors="0" timestamp="09 Jun 2021 05:05:19 GMT" skipped="0">
  <testcase classname="com.Pizzahut.testCases.TC_OrderplaceTest_002" name="orderPlace" time="30.659"/>
</testsuite> <!-- com.Pizzahut.testCases.TC_OrderplaceTest_002 -->
