<?xml version="1.0" encoding="UTF-8"?>
<!-- Generated by org.testng.reporters.JUnitReportReporter -->
<testsuite hostname="DESKTOP-1OVQHJC" failures="0" tests="1" name="com.Pizzahut.testCases.TC_LogoutTest_005" time="5.231" errors="0" timestamp="08 Jun 2021 05:20:49 GMT" skipped="0">
  <testcase classname="com.Pizzahut.testCases.TC_LogoutTest_005" name="logOut" time="5.231"/>
</testsuite> <!-- com.Pizzahut.testCases.TC_LogoutTest_005 -->
