<?xml version="1.0" encoding="UTF-8"?>
<!-- Generated by org.testng.reporters.JUnitReportReporter -->
<testsuite hostname="DESKTOP-1OVQHJC" failures="0" tests="1" name="com.Pizzahut.testCases.TC_LogoutTest_002" time="12.449" errors="0" timestamp="07 Jun 2021 11:42:24 GMT" skipped="0">
  <testcase classname="com.Pizzahut.testCases.TC_LogoutTest_002" name="logOut" time="12.449"/>
</testsuite> <!-- com.Pizzahut.testCases.TC_LogoutTest_002 -->
