<?xml version="1.0" encoding="UTF-8"?>
<!-- Generated by org.testng.reporters.JUnitReportReporter -->
<testsuite hostname="DESKTOP-1OVQHJC" failures="0" tests="1" name="com.Pizzahut.testCases.TC_OrderplaceTest_002" time="29.592" errors="0" timestamp="08 Jun 2021 05:20:49 GMT" skipped="0">
  <testcase classname="com.Pizzahut.testCases.TC_OrderplaceTest_002" name="orderPlace" time="29.592"/>
</testsuite> <!-- com.Pizzahut.testCases.TC_OrderplaceTest_002 -->
