<?xml version="1.0" encoding="UTF-8"?>
<!-- Generated by org.testng.reporters.JUnitReportReporter -->
<testsuite hostname="DESKTOP-1OVQHJC" failures="0" tests="1" name="com.Pizzahut.testCases.TC_LogoutTest_005" time="5.177" errors="0" timestamp="09 Jun 2021 05:05:19 GMT" skipped="0">
  <testcase classname="com.Pizzahut.testCases.TC_LogoutTest_005" name="logOut" time="5.177"/>
</testsuite> <!-- com.Pizzahut.testCases.TC_LogoutTest_005 -->
